[ INFO ]- <bound method BaseEntity.create of {Layer:{lid:c37dd888893411e9bbd040b89afe1ea2}}> - 2019-06-07 22:58:52,262 - nvwa - logger.py:450
[ INFO ]- <bound method BaseEntity.create of {MetaData:{id:c3875d4a893411e9b72f40b89afe1ea2,mvalue:性别,type:WORD,recognized:True}}> - 2019-06-07 22:58:52,324 - nvwa - logger.py:450
[ INFO ]- <bound method RealObject.create of {RealObject:{rid:c38c222c893411e9b77740b89afe1ea2,remark:性别}}> - 2019-06-07 22:58:52,355 - nvwa - logger.py:450
[ INFO ]- <bound method BaseEntity.create of {Layer:{lid:c38c222d893411e980bf40b89afe1ea2}}> - 2019-06-07 22:58:52,355 - nvwa - logger.py:450
[ INFO ]- <bound method BaseEntity.create of {MetaData:{id:c38e8474893411e9901440b89afe1ea2,mvalue:女,type:WORD,recognized:True}}> - 2019-06-07 22:58:52,371 - nvwa - logger.py:450
[ INFO ]- <bound method RealObject.create of {RealObject:{rid:c393494a893411e9b4f840b89afe1ea2,remark:女}}> - 2019-06-07 22:58:52,402 - nvwa - logger.py:450
[ INFO ]- <bound method BaseEntity.create of {Layer:{lid:c393494b893411e9a49e40b89afe1ea2}}> - 2019-06-07 22:58:52,402 - nvwa - logger.py:450
[ INFO ]- <bound method BaseEntity.create of {MetaData:{id:c39cd2c6893411e9be8a40b89afe1ea2,mvalue:是否管理员,type:WORD,recognized:True}}> - 2019-06-07 22:58:52,465 - nvwa - logger.py:450
[ INFO ]- <bound method RealObject.create of {RealObject:{rid:c39f353a893411e9944840b89afe1ea2,remark:是否管理员}}> - 2019-06-07 22:58:52,480 - nvwa - logger.py:450
[ INFO ]- <bound method BaseEntity.create of {Layer:{lid:c39f353b893411e9ba7a40b89afe1ea2}}> - 2019-06-07 22:58:52,496 - nvwa - logger.py:450
[ INFO ]- <bound method BaseEntity.create of {MetaData:{id:c3a1978a893411e9900640b89afe1ea2,mvalue:True,type:WORD,recognized:True}}> - 2019-06-07 22:58:52,496 - nvwa - logger.py:450
[ INFO ]- <bound method RealObject.create of {RealObject:{rid:c3a3feee893411e98b9e40b89afe1ea2,remark:True}}> - 2019-06-07 22:58:52,512 - nvwa - logger.py:450
[ INFO ]- <bound method BaseEntity.create of {Layer:{lid:c3a3feef893411e9b55440b89afe1ea2}}> - 2019-06-07 22:58:52,512 - nvwa - logger.py:450
[ INFO ]- <bound method BaseEntity.create of {MetaData:{id:2a411ae2893511e9800e40b89afe1ea2,mvalue:牛,type:WORD,recognized:True}}> - 2019-06-07 23:01:44,673 - nvwa - logger.py:450
[ INFO ]- <bound method RealObject.create of {RealObject:{rid:2a632408893511e9973140b89afe1ea2,remark:牛}}> - 2019-06-07 23:01:44,912 - nvwa - logger.py:450
[ INFO ]- <bound method BaseEntity.create of {MetaData:{id:31d49cd2893511e997f640b89afe1ea2,mvalue:牛有腿,type:WORD,recognized:False}}> - 2019-06-07 23:01:57,380 - nvwa - logger.py:450
[ INFO ]- <bound method RealObject.create of {RealObject:{rid:32104a1c893511e99d0840b89afe1ea2,remark:牛有腿}}> - 2019-06-07 23:01:57,825 - nvwa - logger.py:450
[ INFO ]- <bound method BaseEntity.create of {MetaData:{id:3a0f5178893511e99ba640b89afe1ea2,mvalue:牛,type:WORD,recognized:False}}> - 2019-06-07 23:02:11,187 - nvwa - logger.py:450
[ INFO ]- <bound method BaseEntity.create of {MetaData:{id:3a159364893511e9bf1c40b89afe1ea2,mvalue:有,type:WORD,recognized:False}}> - 2019-06-07 23:02:11,228 - nvwa - logger.py:450
[ INFO ]- <bound method BaseEntity.create of {MetaData:{id:3a198b5c893511e9a2c940b89afe1ea2,mvalue:腿,type:WORD,recognized:False}}> - 2019-06-07 23:02:11,253 - nvwa - logger.py:450
[ INFO ]- <bound method BaseEntity.create of {MetaData:{id:3a1f09ee893511e9bb8e40b89afe1ea2,mvalue:牛,type:WORD,recognized:False}}> - 2019-06-07 23:02:11,290 - nvwa - logger.py:450
[ INFO ]- <bound method BaseEntity.create of {MetaData:{id:3a1f5818893511e998e740b89afe1ea2,mvalue:有,type:WORD,recognized:False}}> - 2019-06-07 23:02:11,292 - nvwa - logger.py:450
[ INFO ]- <bound method BaseEntity.create of {MetaData:{id:3a2090a4893511e9a67540b89afe1ea2,mvalue:腿,type:WORD,recognized:False}}> - 2019-06-07 23:02:11,300 - nvwa - logger.py:450
[ INFO ]- <bound method BaseEntity.create of {MetaData:{id:3a21c946893511e9afb040b89afe1ea2,mvalue:牛,type:WORD,recognized:False}}> - 2019-06-07 23:02:11,308 - nvwa - logger.py:450
[ INFO ]- <bound method BaseEntity.create of {MetaData:{id:3a221762893511e9920b40b89afe1ea2,mvalue:腿,type:WORD,recognized:False}}> - 2019-06-07 23:02:11,310 - nvwa - logger.py:450
[ INFO ]- <bound method RealObject.create of {RealObject:{rid:3cd77448893511e9bb1c40b89afe1ea2,remark:有}}> - 2019-06-07 23:02:15,856 - nvwa - logger.py:450
[ INFO ]- <bound method RealObject.create of {RealObject:{rid:3d00d0ec893511e9b0e240b89afe1ea2,remark:腿}}> - 2019-06-07 23:02:16,127 - nvwa - logger.py:450
[ INFO ]- <bound method RealObject.create of {RealObject:{rid:4135d32e893511e9988c40b89afe1ea2,remark:placeholder-牛}}> - 2019-06-07 23:02:23,186 - nvwa - logger.py:450
[ INFO ]- <bound method RealObject.create of {RealObject:{rid:4141bd5e893511e9a05440b89afe1ea2,remark:placeholder-腿}}> - 2019-06-07 23:02:23,287 - nvwa - logger.py:450
[ INFO ]- <bound method BaseEntity.create of {Layer:{lid:41794bb4893511e9a4e140b89afe1ea2}}> - 2019-06-07 23:02:23,665 - nvwa - logger.py:450
[ INFO ]- <bound method BaseEntity.create of {Layer:{lid:4469c0b4893511e9aaa040b89afe1ea2}}> - 2019-06-07 23:02:28,614 - nvwa - logger.py:450
[ INFO ]- <bound method RealObject.create of {RealObject:{rid:3cd77448893511e9bb1c40b89afe1ea2,remark:有}}> - 2019-06-07 23:02:28,635 - nvwa - logger.py:450
[ INFO ]- 更改后受影响的条数(1)。 - 2019-06-07 23:02:28,721 - nvwa - logger.py:450
[ INFO ]- <bound method BaseEntity.create of {MetaData:{id:2a411ae2893511e9800e40b89afe1ea2,mvalue:牛,type:WORD,recognized:True}}> - 2019-06-07 23:02:29,653 - nvwa - logger.py:450
[ INFO ]- <bound method RealObject.create of {RealObject:{rid:2a632408893511e9973140b89afe1ea2,remark:牛}}> - 2019-06-07 23:02:29,713 - nvwa - logger.py:450
[ INFO ]- <bound method BaseEntity.create of {Layer:{lid:451ca192893511e9a18a40b89afe1ea2}}> - 2019-06-07 23:02:29,732 - nvwa - logger.py:450
[ INFO ]- <bound method BaseEntity.create of {MetaData:{id:3a1f5818893511e998e740b89afe1ea2,mvalue:有,type:WORD,recognized:True}}> - 2019-06-07 23:02:29,943 - nvwa - logger.py:450
[ INFO ]- <bound method BaseEntity.create of {MetaData:{id:3a2090a4893511e9a67540b89afe1ea2,mvalue:腿,type:WORD,recognized:True}}> - 2019-06-07 23:02:29,963 - nvwa - logger.py:450
[ INFO ]- <bound method RealObject.create of {RealObject:{rid:3d00d0ec893511e9b0e240b89afe1ea2,remark:腿}}> - 2019-06-07 23:02:30,013 - nvwa - logger.py:450
[ INFO ]- <bound method BaseEntity.create of {Layer:{lid:455359a6893511e99eb440b89afe1ea2}}> - 2019-06-07 23:02:30,161 - nvwa - logger.py:450
[ INFO ]- <bound method BaseEntity.create of {Layer:{lid:4d6932c2893511e989cd40b89afe1ea2}}> - 2019-06-07 23:02:43,717 - nvwa - logger.py:450
[ INFO ]- <bound method BaseEntity.create of {MetaData:{id:5752da46893511e9b95a40b89afe1ea2,mvalue:尾巴,type:WORD,recognized:False}}> - 2019-06-07 23:03:00,283 - nvwa - logger.py:450
[ INFO ]- <bound method RealObject.create of {RealObject:{rid:57d8b4ba893511e98dbd40b89afe1ea2,remark:尾巴}}> - 2019-06-07 23:03:01,193 - nvwa - logger.py:450
[ INFO ]- <bound method BaseEntity.create of {MetaData:{id:5752da46893511e9b95a40b89afe1ea2,mvalue:尾巴,type:WORD,recognized:True}}> - 2019-06-07 23:03:02,506 - nvwa - logger.py:450
[ INFO ]- <bound method RealObject.create of {RealObject:{rid:57d8b4ba893511e98dbd40b89afe1ea2,remark:尾巴}}> - 2019-06-07 23:03:02,569 - nvwa - logger.py:450
[ INFO ]- <bound method BaseEntity.create of {Layer:{lid:58c5bc40893511e99a5d40b89afe1ea2}}> - 2019-06-07 23:03:02,800 - nvwa - logger.py:450
[ INFO ]- <bound method BaseEntity.create of {Layer:{lid:59391efa893511e9b42040b89afe1ea2}}> - 2019-06-07 23:03:03,573 - nvwa - logger.py:450
[ INFO ]- <bound method BaseEntity.create of {MetaData:{id:746d735c893511e9a25940b89afe1ea2,mvalue:角,type:WORD,recognized:False}}> - 2019-06-07 23:03:49,111 - nvwa - logger.py:450
[ INFO ]- <bound method RealObject.create of {RealObject:{rid:74d144dc893511e996b840b89afe1ea2,remark:角}}> - 2019-06-07 23:03:49,779 - nvwa - logger.py:450
[ INFO ]- <bound method BaseEntity.create of {MetaData:{id:746d735c893511e9a25940b89afe1ea2,mvalue:角,type:WORD,recognized:True}}> - 2019-06-07 23:03:51,234 - nvwa - logger.py:450
[ INFO ]- <bound method RealObject.create of {RealObject:{rid:74d144dc893511e996b840b89afe1ea2,remark:角}}> - 2019-06-07 23:03:51,334 - nvwa - logger.py:450
[ INFO ]- <bound method BaseEntity.create of {Layer:{lid:75c94976893511e9b16a40b89afe1ea2}}> - 2019-06-07 23:03:51,446 - nvwa - logger.py:450
[ INFO ]- <bound method BaseEntity.create of {Layer:{lid:7695f598893511e99fe340b89afe1ea2}}> - 2019-06-07 23:03:52,736 - nvwa - logger.py:450
[ INFO ]- <bound method BaseEntity.create of {MetaData:{id:c9672dba893511e995f440b89afe1ea2,mvalue:马,type:WORD,recognized:False}}> - 2019-06-07 23:06:11,676 - nvwa - logger.py:450
[ INFO ]- <bound method RealObject.create of {RealObject:{rid:c998c862893511e99a6940b89afe1ea2,remark:马}}> - 2019-06-07 23:06:12,022 - nvwa - logger.py:450
[ INFO ]- <bound method BaseEntity.create of {MetaData:{id:c9672dba893511e995f440b89afe1ea2,mvalue:马,type:WORD,recognized:True}}> - 2019-06-07 23:06:13,293 - nvwa - logger.py:450
[ INFO ]- <bound method RealObject.create of {RealObject:{rid:c998c862893511e99a6940b89afe1ea2,remark:马}}> - 2019-06-07 23:06:13,317 - nvwa - logger.py:450
[ INFO ]- <bound method BaseEntity.create of {Layer:{lid:cec87b4a893511e9a69440b89afe1ea2}}> - 2019-06-07 23:06:20,769 - nvwa - logger.py:450
[ INFO ]- <bound method BaseEntity.create of {Layer:{lid:d22e9b46893511e9967440b89afe1ea2}}> - 2019-06-07 23:06:26,425 - nvwa - logger.py:450
[ INFO ]- <bound method BaseEntity.create of {Layer:{lid:d8c261f4893511e9891a40b89afe1ea2}}> - 2019-06-07 23:06:37,514 - nvwa - logger.py:450
